#
# There is insufficient memory for the Java Runtime Environment to continue.
# Native memory allocation (mmap) failed to map 266338304 bytes for G1 virtual space
# Possible reasons:
#   The system is out of physical RAM or swap space
#   The process is running with CompressedOops enabled, and the Java Heap may be blocking the growth of the native heap
# Possible solutions:
#   Reduce memory load on the system
#   Increase physical memory or swap space
#   Check if swap backing store is full
#   Decrease Java heap size (-Xmx/-Xms)
#   Decrease number of Java threads
#   Decrease Java thread stack sizes (-Xss)
#   Set larger code cache with -XX:ReservedCodeCacheSize=
#   JVM is running with Zero Based Compressed Oops mode in which the Java heap is
#     placed in the first 32GB address space. The Java Heap base address is the
#     maximum limit for the native heap growth. Please use -XX:HeapBaseMinAddress
#     to set the Java Heap base and to place the Java Heap above 32GB virtual address.
# This output file may be truncated or incomplete.
#
#  Out of Memory Error (os_windows.cpp:3548), pid=21772, tid=52456
#
# JRE version:  (17.0.11+7) (build )
# Java VM: Java HotSpot(TM) 64-Bit Server VM (17.0.11+7-LTS-207, mixed mode, sharing, tiered, compressed oops, compressed class ptrs, g1 gc, windows-amd64)
# No core dump will be written. Minidumps are not enabled by default on client versions of Windows
#

---------------  S U M M A R Y ------------

Command Line: -Dfile.encoding=Cp1252 -XX:+ShowCodeDetailsInExceptionMessages weekThree.ExecService

Host: 11th Gen Intel(R) Core(TM) i7-11390H @ 3.40GHz, 8 cores, 15G,  Windows 11 , 64 bit Build 22621 (10.0.22621.4830)
Time: Thu Feb 20 16:34:41 2025 Eastern Standard Time elapsed time: 0.009539 seconds (0d 0h 0m 0s)

---------------  T H R E A D  ---------------

Current thread (0x0000021872adfd50):  JavaThread "Unknown thread" [_thread_in_vm, id=52456, stack(0x0000009a90e00000,0x0000009a90f00000)]

Stack: [0x0000009a90e00000,0x0000009a90f00000]
Native frames: (J=compiled Java code, j=interpreted, Vv=VM code, C=native code)
V  [jvm.dll+0x679cca]
V  [jvm.dll+0x7da13d]
V  [jvm.dll+0x7dba83]
V  [jvm.dll+0x7dc0f3]
V  [jvm.dll+0x2449af]
V  [jvm.dll+0x676ce9]
V  [jvm.dll+0x66b852]
V  [jvm.dll+0x3018d6]
V  [jvm.dll+0x308e76]
V  [jvm.dll+0x3596ee]
V  [jvm.dll+0x35991f]
V  [jvm.dll+0x2d89a8]
V  [jvm.dll+0x2d9914]
V  [jvm.dll+0x7ac6b1]
V  [jvm.dll+0x366f61]
V  [jvm.dll+0x78b609]
V  [jvm.dll+0x3ec22f]
V  [jvm.dll+0x3ede61]
C  [jli.dll+0x5297]
C  [ucrtbase.dll+0x29333]
C  [KERNEL32.DLL+0x1259d]
C  [ntdll.dll+0x5af38]


---------------  P R O C E S S  ---------------

Threads class SMR info:
_java_thread_list=0x00007ff95e6e7a18, length=0, elements={
}

Java Threads: ( => current thread )

Other Threads:
  0x0000021872b4b9d0 GCTaskThread "GC Thread#0" [stack: 0x0000009a90f00000,0x0000009a91000000] [id=32376]
  0x0000021872b5ccd0 ConcurrentGCThread "G1 Main Marker" [stack: 0x0000009a91000000,0x0000009a91100000] [id=31960]
  0x0000021872b5d6e0 ConcurrentGCThread "G1 Conc#0" [stack: 0x0000009a91100000,0x0000009a91200000] [id=41648]

[error occurred during error reporting (printing all threads), id 0xc0000005, EXCEPTION_ACCESS_VIOLATION (0xc0000005) at pc=0x00007ff95df19497]

VM state: not at safepoint (not fully initialized)

VM Mutex/Monitor currently owned by a thread:  ([mutex/lock_event])
[0x0000021872adc6d0] Heap_lock - owner thread: 0x0000021872adfd50

Heap address: 0x0000000703e00000, size: 4034 MB, Compressed Oops mode: Zero based, Oop shift amount: 3

CDS archive(s) mapped at: [0x0000000000000000-0x0000000000000000-0x0000000000000000), size 0, SharedBaseAddress: 0x0000000800000000, ArchiveRelocationMode: 1.
Narrow klass base: 0x0000000000000000, Narrow klass shift: 0, Narrow klass range: 0x0

GC Precious Log:
<Empty>

Heap:
 garbage-first heap   total 0K, used 0K [0x0000000703e00000, 0x0000000800000000)
  region size 2048K, 0 young (0K), 0 survivors (0K)

[error occurred during error reporting (printing heap information), id 0xc0000005, EXCEPTION_ACCESS_VIOLATION (0xc0000005) at pc=0x00007ff95e303559]

GC Heap History (0 events):
No events

Deoptimization events (0 events):
No events

Classes unloaded (0 events):
No events

Classes redefined (0 events):
No events

Internal exceptions (0 events):
No events

VM Operations (0 events):
No events

Events (1 events):
Event: 0.007 Loaded shared library C:\Program Files\Java\jdk-17\bin\java.dll


Dynamic libraries:
0x00007ff758a60000 - 0x00007ff758a70000 	C:\Program Files\Java\jdk-17\bin\javaw.exe
0x00007ff9dd970000 - 0x00007ff9ddb87000 	C:\WINDOWS\SYSTEM32\ntdll.dll
0x00007ff9dd040000 - 0x00007ff9dd104000 	C:\WINDOWS\System32\KERNEL32.DLL
0x00007ff9daf80000 - 0x00007ff9db350000 	C:\WINDOWS\System32\KERNELBASE.dll
0x00007ff9db420000 - 0x00007ff9db531000 	C:\WINDOWS\System32\ucrtbase.dll
0x00007ff9c2f20000 - 0x00007ff9c2f39000 	C:\Program Files\Java\jdk-17\bin\jli.dll
0x00007ff9dca50000 - 0x00007ff9dcb01000 	C:\WINDOWS\System32\ADVAPI32.dll
0x00007ff9dd5d0000 - 0x00007ff9dd677000 	C:\WINDOWS\System32\msvcrt.dll
0x00007ff9dd780000 - 0x00007ff9dd827000 	C:\WINDOWS\System32\sechost.dll
0x00007ff9dac20000 - 0x00007ff9dac48000 	C:\WINDOWS\System32\bcrypt.dll
0x00007ff9dc6b0000 - 0x00007ff9dc7c4000 	C:\WINDOWS\System32\RPCRT4.dll
0x00007ff9db6a0000 - 0x00007ff9db84e000 	C:\WINDOWS\System32\USER32.dll
0x00007ff9db350000 - 0x00007ff9db376000 	C:\WINDOWS\System32\win32u.dll
0x00007ff9dd850000 - 0x00007ff9dd879000 	C:\WINDOWS\System32\GDI32.dll
0x00007ff9db540000 - 0x00007ff9db65b000 	C:\WINDOWS\System32\gdi32full.dll
0x00007ff9db380000 - 0x00007ff9db41a000 	C:\WINDOWS\System32\msvcp_win.dll
0x00007ff9b4a60000 - 0x00007ff9b4a7b000 	C:\Program Files\Java\jdk-17\bin\VCRUNTIME140.dll
0x00007ff9b3100000 - 0x00007ff9b3392000 	C:\WINDOWS\WinSxS\amd64_microsoft.windows.common-controls_6595b64144ccf1df_6.0.22621.4830_none_270fe7d773858e80\COMCTL32.dll
0x00007ff9d1f20000 - 0x00007ff9d1f2a000 	C:\WINDOWS\SYSTEM32\VERSION.dll
0x00007ff9db660000 - 0x00007ff9db691000 	C:\WINDOWS\System32\IMM32.DLL
0x00007ff9d27c0000 - 0x00007ff9d27cc000 	C:\Program Files\Java\jdk-17\bin\vcruntime140_1.dll
0x00007ff9b44d0000 - 0x00007ff9b455e000 	C:\Program Files\Java\jdk-17\bin\msvcp140.dll
0x00007ff95dc30000 - 0x00007ff95e810000 	C:\Program Files\Java\jdk-17\bin\server\jvm.dll
0x00007ff9dd920000 - 0x00007ff9dd928000 	C:\WINDOWS\System32\PSAPI.DLL
0x00007ff98d270000 - 0x00007ff98d279000 	C:\WINDOWS\SYSTEM32\WSOCK32.dll
0x00007ff9d4c30000 - 0x00007ff9d4c64000 	C:\WINDOWS\SYSTEM32\WINMM.dll
0x00007ff9dd880000 - 0x00007ff9dd8f1000 	C:\WINDOWS\System32\WS2_32.dll
0x00007ff9d9c20000 - 0x00007ff9d9c38000 	C:\WINDOWS\SYSTEM32\kernel.appcore.dll
0x00007ff9d24c0000 - 0x00007ff9d24ca000 	C:\Program Files\Java\jdk-17\bin\jimage.dll
0x00007ff9d8440000 - 0x00007ff9d8672000 	C:\WINDOWS\SYSTEM32\DBGHELP.DLL
0x00007ff9dd110000 - 0x00007ff9dd4a0000 	C:\WINDOWS\System32\combase.dll
0x00007ff9dc970000 - 0x00007ff9dca47000 	C:\WINDOWS\System32\OLEAUT32.dll
0x00007ff9d1be0000 - 0x00007ff9d1c12000 	C:\WINDOWS\SYSTEM32\dbgcore.DLL
0x00007ff9dac50000 - 0x00007ff9daccb000 	C:\WINDOWS\System32\bcryptPrimitives.dll
0x00007ff9b4a30000 - 0x00007ff9b4a55000 	C:\Program Files\Java\jdk-17\bin\java.dll

dbghelp: loaded successfully - version: 4.0.5 - missing functions: none
symbol engine: initialized successfully - sym options: 0x614 - pdb path: .;C:\Program Files\Java\jdk-17\bin;C:\WINDOWS\SYSTEM32;C:\WINDOWS\WinSxS\amd64_microsoft.windows.common-controls_6595b64144ccf1df_6.0.22621.4830_none_270fe7d773858e80;C:\Program Files\Java\jdk-17\bin\server

VM Arguments:
jvm_args: -Dfile.encoding=Cp1252 -XX:+ShowCodeDetailsInExceptionMessages 
java_command: weekThree.ExecService
java_class_path (initial): C:\Users\tilak\OneDrive\Desktop\Career\Java Training\bin
Launcher Type: SUN_STANDARD

[Global flags]
     intx CICompilerCount                          = 4                                         {product} {ergonomic}
     uint ConcGCThreads                            = 2                                         {product} {ergonomic}
     uint G1ConcRefinementThreads                  = 8                                         {product} {ergonomic}
   size_t G1HeapRegionSize                         = 2097152                                   {product} {ergonomic}
    uintx GCDrainStackTargetSize                   = 64                                        {product} {ergonomic}
   size_t InitialHeapSize                          = 266338304                                 {product} {ergonomic}
   size_t MarkStackSize                            = 4194304                                   {product} {ergonomic}
   size_t MaxHeapSize                              = 4229955584                                {product} {ergonomic}
   size_t MinHeapDeltaBytes                        = 2097152                                   {product} {ergonomic}
   size_t MinHeapSize                              = 8388608                                   {product} {ergonomic}
    uintx NonNMethodCodeHeapSize                   = 5839372                                {pd product} {ergonomic}
    uintx NonProfiledCodeHeapSize                  = 122909434                              {pd product} {ergonomic}
    uintx ProfiledCodeHeapSize                     = 122909434                              {pd product} {ergonomic}
    uintx ReservedCodeCacheSize                    = 251658240                              {pd product} {ergonomic}
     bool SegmentedCodeCache                       = true                                      {product} {ergonomic}
     bool ShowCodeDetailsInExceptionMessages       = true                                   {manageable} {command line}
   size_t SoftMaxHeapSize                          = 4229955584                             {manageable} {ergonomic}
     bool UseCompressedClassPointers               = true                           {product lp64_product} {ergonomic}
     bool UseCompressedOops                        = true                           {product lp64_product} {ergonomic}
     bool UseG1GC                                  = true                                      {product} {ergonomic}
     bool UseLargePagesIndividualAllocation        = false                                  {pd product} {ergonomic}

Logging:
Log output configuration:
 #0: stdout all=warning uptime,level,tags
 #1: stderr all=off uptime,level,tags

Environment Variables:
JAVA_HOME=C:\Program Files\Java\jdk-17
PATH=C:/Users/tilak/.p2/pool/plugins/org.eclipse.justj.openjdk.hotspot.jre.full.win32.x86_64_17.0.2.v20220201-1208/jre/bin/server;C:/Users/tilak/.p2/pool/plugins/org.eclipse.justj.openjdk.hotspot.jre.full.win32.x86_64_17.0.2.v20220201-1208/jre/bin;C:\Program Files\Common Files\Oracle\Java\javapath;C:\WINDOWS\system32;C:\WINDOWS;C:\WINDOWS\System32\Wbem;C:\WINDOWS\System32\WindowsPowerShell\v1.0\;C:\WINDOWS\System32\OpenSSH\;C:\Program Files\Git\cmd;C:\Users\tilak\apache-maven-3.8.4-bin\apache-maven-3.8.4\bin;C:\Program Files\dotnet\;C:\Program Files\nodejs\;C:\ProgramData\chocolatey\bin;;C:\Program Files\Docker\Docker\resources\bin;C:\Program Files\HP\HP One Agent;C:\Users\tilak\AppData\Local\Microsoft\WindowsApps;C:\Users\tilak\AppData\Local\Programs\Microsoft VS Code\bin;C:\Users\tilak\AppData\Roaming\npm;C:\Users\tilak\AppData\Local\Microsoft\WinGet\Packages\Microsoft.SBOMTool_Microsoft.Winget.Source_8wekyb3d8bbwe;C:\Program Files\Java\jdk-17\bin;C:\Program Files\swipl;;C:\WINDOWS\system32;
USERNAME=tilak
OS=Windows_NT
PROCESSOR_IDENTIFIER=Intel64 Family 6 Model 140 Stepping 2, GenuineIntel



---------------  S Y S T E M  ---------------

OS:
 Windows 11 , 64 bit Build 22621 (10.0.22621.4830)
OS uptime: 1 days 11:24 hours
Hyper-V role detected

CPU: total 8 (initial active 8) (4 cores per cpu, 2 threads per core) family 6 model 140 stepping 2 microcode 0x36, cx8, cmov, fxsr, ht, mmx, 3dnowpref, sse, sse2, sse3, ssse3, sse4.1, sse4.2, popcnt, lzcnt, tsc, tscinvbit, avx, avx2, aes, erms, clmul, bmi1, bmi2, adx, avx512f, avx512dq, avx512cd, avx512bw, avx512vl, sha, fma, vzeroupper, avx512_vpopcntdq, avx512_vpclmulqdq, avx512_vaes, avx512_vnni, clflush, clflushopt, clwb, avx512_vbmi2, avx512_vbmi, hv

Memory: 4k page, system-wide physical 16129M (3171M free)
TotalPageFile size 65281M (AvailPageFile size 48M)
current process WorkingSet (physical memory assigned to process): 11M, peak: 11M
current process commit charge ("private bytes"): 60M, peak: 314M

vm_info: Java HotSpot(TM) 64-Bit Server VM (17.0.11+7-LTS-207) for windows-amd64 JRE (17.0.11+7-LTS-207), built on Mar 11 2024 19:01:50 by "mach5one" with MS VC++ 17.6 (VS2022)

END.
